TN:
SF:src\rcon.constants.ts
FNF:1
FNH:1
DA:1,48
DA:2,72
DA:3,65
LF:4
LH:3
end_of_record
TN:
SF:src\rcon.core-module.ts
FNF:7
FNH:5
DA:1,48
DA:3,97
DA:5,11
DA:6,13
DA:7,104
DA:8,0
DA:9,0
DA:10,0
DA:11,0
DA:12,0
DA:13,0
DA:14,0
DA:15,0
DA:16,0
DA:17,0
DA:18,0
DA:19,0
DA:20,0
DA:21,0
DA:22,0
DA:23,8
DA:26,27
DA:27,38
DA:28,49
DA:29,0
DA:30,7
DA:32,45
DA:33,6
DA:35,14
DA:36,29
DA:37,31
DA:38,93
DA:39,37
DA:40,9
DA:43,27
DA:44,76
DA:45,90
DA:46,4
DA:48,53
DA:49,61
DA:50,4
DA:52,128
DA:55,27
DA:56,69
DA:57,0
DA:58,4
DA:60,30
DA:61,16
DA:62,49
DA:63,39
DA:64,34
DA:65,1
DA:66,4
DA:68,14
DA:69,46
DA:70,25
DA:71,61
DA:73,53
DA:74,2
DA:76,1
LF:77
LH:43
end_of_record
TN:
SF:src\rcon.interfaces.ts
FNF:1
FNH:1
DA:12,34
LF:24
LH:1
end_of_record
TN:
SF:src\rcon.manager.ts
FNF:6
FNH:0
DA:1,80
DA:2,81
DA:9,1
DA:11,0
DA:12,0
DA:13,0
DA:14,0
DA:15,0
DA:16,0
DA:17,0
DA:18,0
DA:19,0
DA:20,0
DA:21,0
DA:22,0
DA:23,0
DA:24,0
DA:25,0
DA:26,0
DA:27,0
DA:28,0
DA:29,0
DA:30,0
DA:31,0
DA:32,0
DA:33,0
DA:34,0
DA:35,0
DA:36,0
DA:37,31
DA:40,0
DA:41,0
DA:42,0
DA:43,0
DA:44,0
DA:45,35
DA:47,2
LF:48
LH:6
end_of_record
TN:
SF:src\rcon.module.ts
FNF:2
FNH:1
DA:1,40
DA:2,52
DA:5,13
DA:6,92
DA:7,0
DA:8,0
DA:9,0
DA:10,0
DA:11,0
DA:12,8
DA:15,27
DA:16,14
DA:17,25
DA:18,66
DA:19,29
DA:20,2
DA:22,1
LF:23
LH:12
end_of_record
TN:
SF:src\rcon.utils.ts
FNF:3
FNH:2
DA:1,115
DA:3,45
DA:5,21
DA:6,78
DA:9,21
DA:10,81
DA:13,0
DA:14,0
DA:15,0
DA:16,0
DA:17,0
DA:18,0
LF:21
LH:6
end_of_record
TN:
SF:tests\rcon.core-module.test.ts
FNF:16
FNH:13
DA:1,74
DA:2,57
DA:3,48
DA:4,80
DA:6,34
DA:7,64
DA:8,60
DA:9,73
DA:10,4
DA:11,4
DA:13,65
DA:14,23
DA:15,69
DA:16,21
DA:17,23
DA:18,21
DA:19,6
DA:21,41
DA:22,66
DA:23,17
DA:24,28
DA:25,15
DA:27,63
DA:28,54
DA:30,56
DA:31,53
DA:32,35
DA:33,4
DA:35,53
DA:36,27
DA:37,12
DA:38,18
DA:39,73
DA:40,25
DA:41,26
DA:42,26
DA:43,5
DA:45,5
DA:47,98
DA:48,38
DA:50,55
DA:51,37
DA:52,30
DA:53,28
DA:54,7
DA:55,72
DA:56,61
DA:58,83
DA:59,39
DA:60,69
DA:61,21
DA:62,22
DA:63,22
DA:64,6
DA:65,4
DA:67,72
DA:68,50
DA:69,7
DA:70,0
DA:71,0
DA:72,0
DA:73,0
DA:74,0
DA:75,4
DA:76,3
DA:77,6
DA:78,6
DA:80,56
DA:81,135
DA:82,6
DA:84,54
DA:85,64
DA:86,45
DA:87,144
DA:88,31
DA:89,5
DA:90,3
DA:91,3
DA:93,30
DA:94,63
DA:95,46
DA:96,7
DA:97,0
DA:98,0
DA:99,0
DA:100,0
DA:101,0
DA:102,4
DA:103,3
DA:104,6
DA:105,6
DA:107,50
DA:108,60
DA:109,50
DA:110,52
DA:111,110
DA:112,14
DA:113,4
DA:114,3
DA:115,2
LF:116
LH:90
end_of_record
TN:
SF:tests\rcon.utils.test.ts
FNF:3
FNH:3
DA:1,68
DA:2,80
DA:4,30
DA:5,71
DA:6,75
DA:7,79
DA:8,4
DA:10,70
DA:11,80
DA:12,84
DA:13,3
DA:14,2
LF:15
LH:12
end_of_record
